android/build/outputs/logs/manifest-merger-debug-report.txt
-- Merging decision tree log ---
manifest
ADDED from RedBullAirRace\android\AndroidManifest.xml:2:1-28:12
INJECTED from RedBullAirRace\android\AndroidManifest.xml:2:1-28:12
INJECTED from RedBullAirRace\android\AndroidManifest.xml:2:1-28:12
INJECTED from RedBullAirRace\android\AndroidManifest.xml:2:1-28:12
INJECTED from RedBullAirRace\android\AndroidManifest.xml:2:1-28:12
INJECTED from RedBullAirRace\android\AndroidManifest.xml:2:1-28:12
INJECTED from RedBullAirRace\android\AndroidManifest.xml:2:1-28:12
	package
		ADDED from RedBullAirRace\android\AndroidManifest.xml:3:5-31
		INJECTED from RedBullAirRace\android\AndroidManifest.xml
		INJECTED from RedBullAirRace\android\AndroidManifest.xml
	android:versionName
		INJECTED from RedBullAirRace\android\AndroidManifest.xml
		ADDED from RedBullAirRace\android\AndroidManifest.xml:2:1-28:12
		INJECTED from RedBullAirRace\android\AndroidManifest.xml
	android:versionCode
		INJECTED from RedBullAirRace\android\AndroidManifest.xml
		ADDED from RedBullAirRace\android\AndroidManifest.xml:2:1-28:12
		INJECTED from RedBullAirRace\android\AndroidManifest.xml
	xmlns:android
		ADDED from RedBullAirRace\android\AndroidManifest.xml:2:11-69
uses-sdk
ADDED from RedBullAirRace\android\AndroidManifest.xml:5:5-73
INJECTED from RedBullAirRace\android\AndroidManifest.xml:5:5-73
INJECTED from RedBullAirRace\android\AndroidManifest.xml:5:5-73
INJECTED from RedBullAirRace\android\AndroidManifest.xml:5:5-73
INJECTED from RedBullAirRace\android\AndroidManifest.xml:5:5-73
	android:targetSdkVersion
		ADDED from RedBullAirRace\android\AndroidManifest.xml:5:41-70
		INJECTED from RedBullAirRace\android\AndroidManifest.xml
		INJECTED from RedBullAirRace\android\AndroidManifest.xml
	android:minSdkVersion
		ADDED from RedBullAirRace\android\AndroidManifest.xml:5:15-40
		INJECTED from RedBullAirRace\android\AndroidManifest.xml
		INJECTED from RedBullAirRace\android\AndroidManifest.xml
application
ADDED from RedBullAirRace\android\AndroidManifest.xml:7:5-22:19
	android:label
		ADDED from RedBullAirRace\android\AndroidManifest.xml:10:9-41
	android:icon
		ADDED from RedBullAirRace\android\AndroidManifest.xml:9:9-45
	android:allowBackup
		ADDED from RedBullAirRace\android\AndroidManifest.xml:8:9-35
	android:theme
		ADDED from RedBullAirRace\android\AndroidManifest.xml:11:9-40
activity#com.redbull.game.AndroidLauncher
ADDED from RedBullAirRace\android\AndroidManifest.xml:12:9-21:20
	android:screenOrientation
		ADDED from RedBullAirRace\android\AndroidManifest.xml:15:13-49
	android:label
		ADDED from RedBullAirRace\android\AndroidManifest.xml:14:13-45
	android:configChanges
		ADDED from RedBullAirRace\android\AndroidManifest.xml:16:13-94
	android:name
		ADDED from RedBullAirRace\android\AndroidManifest.xml:13:13-60
intent-filter#action:name:android.intent.action.MAIN+category:name:android.intent.category.LAUNCHER
ADDED from RedBullAirRace\android\AndroidManifest.xml:17:13-20:29
action#android.intent.action.MAIN
ADDED from RedBullAirRace\android\AndroidManifest.xml:18:17-69
	android:name
		ADDED from RedBullAirRace\android\AndroidManifest.xml:18:25-66
category#android.intent.category.LAUNCHER
ADDED from RedBullAirRace\android\AndroidManifest.xml:19:17-77
	android:name
		ADDED from RedBullAirRace\android\AndroidManifest.xml:19:27-74
uses-permission#android.permission.ACCESS_NETWORK_STATE
ADDED from RedBullAirRace\android\AndroidManifest.xml:24:5-78
	android:name
		ADDED from RedBullAirRace\android\AndroidManifest.xml:24:22-76
uses-permission#android.permission.ACCESS_WIFI_STATE
ADDED from RedBullAirRace\android\AndroidManifest.xml:25:5-75
	android:name
		ADDED from RedBullAirRace\android\AndroidManifest.xml:25:22-73
uses-permission#android.permission.INTERNET
ADDED from RedBullAirRace\android\AndroidManifest.xml:26:5-66
	android:name
		ADDED from RedBullAirRace\android\AndroidManifest.xml:26:22-64